[ERR!] cwd  : /home/rick/code/farmbot/frontend
[ERR!] os   : Linux 3.16.0-38-generic
[ERR!] argv : "/usr/bin/nodejs" "/usr/bin/tsd" "init"
[ERR!] node : v7.4.0
[ERR!] tsd  : 0.6.5
[ERR!] Error: Cannot find module 'internal/fs'
[ERR!] CODE : MODULE_NOT_FOUND
[ERR!] Cannot find module 'internal/fs'
[ERR!] If you need help, you may report this error at:
    https://github.com/DefinitelyTyped/tsd/issues

[ERR!] 
Error: Cannot find module 'internal/fs'
    at Function.Module._resolveFilename (module.js:470:15)
    at Function.Module._load (module.js:418:25)
    at Module.require (module.js:498:17)
    at require (internal/module.js:20:19)
    at evalmachine.<anonymous>:18:20
    at Object.<anonymous> (/usr/lib/node_modules/tsd/node_modules/update-notifier/node_modules/configstore/node_modules/graceful-fs/fs.js:11:1)
    at Module._compile (module.js:571:32)
    at Object.Module._extensions..js (module.js:580:10)
    at Module.load (module.js:488:32)
    at tryModuleLoad (module.js:447:12)

[ERR!] tsd.json could not be retrieved

[ERR!] .tsdrc could not be retrieved

[ERR!] Please include the following file with any support request:
    /home/rick/code/farmbot/frontend/tsd-debug.log

